[01m[K/home/arijitnoobstar/UAVProjectileCatcher/src/drone_ball_catcher/src/drone_test_1.cpp:27:1:[m[K [01;31m[Kerror: [m[Kexpected â€˜[01m[K,[m[Kâ€™ or â€˜[01m[K;[m[Kâ€™ before â€˜[01m[Ktf2_ros[m[Kâ€™
 [01;31m[Ktf2_ros[m[K::Buffer tfBuffer;
 [01;31m[K^~~~~~~[m[K
[01m[K/home/arijitnoobstar/UAVProjectileCatcher/src/drone_ball_catcher/src/drone_test_1.cpp:45:1:[m[K [01;31m[Kerror: [m[Kâ€˜[01m[Kball_location[m[Kâ€™ does not name a type
 [01;31m[Kball_location[m[K.x = NAN;
 [01;31m[K^~~~~~~~~~~~~[m[K
[01m[K/home/arijitnoobstar/UAVProjectileCatcher/src/drone_ball_catcher/src/drone_test_1.cpp:46:1:[m[K [01;31m[Kerror: [m[Kâ€˜[01m[Kball_location[m[Kâ€™ does not name a type
 [01;31m[Kball_location[m[K.y = NAN;
 [01;31m[K^~~~~~~~~~~~~[m[K
[01m[K/home/arijitnoobstar/UAVProjectileCatcher/src/drone_ball_catcher/src/drone_test_1.cpp:47:1:[m[K [01;31m[Kerror: [m[Kâ€˜[01m[Kball_location[m[Kâ€™ does not name a type
 [01;31m[Kball_location[m[K.z = NAN;
 [01;31m[K^~~~~~~~~~~~~[m[K
[01m[K/home/arijitnoobstar/UAVProjectileCatcher/src/drone_ball_catcher/src/drone_test_1.cpp:[m[K In function â€˜[01m[Kvoid ball_cb(const ConstPtr&)[m[Kâ€™:
[01m[K/home/arijitnoobstar/UAVProjectileCatcher/src/drone_ball_catcher/src/drone_test_1.cpp:62:9:[m[K [01;31m[Kerror: [m[Kâ€˜[01m[KtfBuffer[m[Kâ€™ was not declared in this scope
         [01;31m[KtfBuffer[m[K.transform(*msg, ball_location_map, "map");
         [01;31m[K^~~~~~~~[m[K
[01m[K/home/arijitnoobstar/UAVProjectileCatcher/src/drone_ball_catcher/src/drone_test_1.cpp:62:9:[m[K [01;36m[Knote: [m[Ksuggested alternative: â€˜[01m[Ksetbuffer[m[Kâ€™
         [01;36m[KtfBuffer[m[K.transform(*msg, ball_location_map, "map");
         [01;36m[K^~~~~~~~[m[K
         [32m[Ksetbuffer[m[K
[01m[K/home/arijitnoobstar/UAVProjectileCatcher/src/drone_ball_catcher/src/drone_test_1.cpp:62:34:[m[K [01;31m[Kerror: [m[Kâ€˜[01m[Kball_location_map[m[Kâ€™ was not declared in this scope
         tfBuffer.transform(*msg, [01;31m[Kball_location_map[m[K, "map");
                                  [01;31m[K^~~~~~~~~~~~~~~~~[m[K
[01m[K/home/arijitnoobstar/UAVProjectileCatcher/src/drone_ball_catcher/src/drone_test_1.cpp:62:34:[m[K [01;36m[Knote: [m[Ksuggested alternative: â€˜[01m[Kball_location[m[Kâ€™
         tfBuffer.transform(*msg, [01;36m[Kball_location_map[m[K, "map");
                                  [01;36m[K^~~~~~~~~~~~~~~~~[m[K
                                  [32m[Kball_location[m[K
[01m[K/home/arijitnoobstar/UAVProjectileCatcher/src/drone_ball_catcher/src/drone_test_1.cpp:[m[K In function â€˜[01m[Kint main(int, char**)[m[Kâ€™:
[01m[K/home/arijitnoobstar/UAVProjectileCatcher/src/drone_ball_catcher/src/drone_test_1.cpp:88:49:[m[K [01;31m[Kerror: [m[Kâ€˜[01m[KtfBuffer[m[Kâ€™ was not declared in this scope
     tfListener = new tf2_ros::TransformListener([01;31m[KtfBuffer[m[K);
                                                 [01;31m[K^~~~~~~~[m[K
[01m[K/home/arijitnoobstar/UAVProjectileCatcher/src/drone_ball_catcher/src/drone_test_1.cpp:88:49:[m[K [01;36m[Knote: [m[Ksuggested alternative: â€˜[01m[Ksetbuffer[m[Kâ€™
     tfListener = new tf2_ros::TransformListener([01;36m[KtfBuffer[m[K);
                                                 [01;36m[K^~~~~~~~[m[K
                                                 [32m[Ksetbuffer[m[K
make[2]: *** [CMakeFiles/drone_test_1.dir/src/drone_test_1.cpp.o] Error 1
make[1]: *** [CMakeFiles/drone_test_1.dir/all] Error 2
make: *** [all] Error 2
