[01m[K/home/arijitnoobstar/UAVProjectileCatcher/src/drone_ball_catcher/src/drone_test_1.cpp:[m[K In function â€˜[01m[Kvoid ball_cb(const ConstPtr&)[m[Kâ€™:
[01m[K/home/arijitnoobstar/UAVProjectileCatcher/src/drone_ball_catcher/src/drone_test_1.cpp:50:5:[m[K [01;31m[Kerror: [m[Kâ€˜[01m[Klook_for_ball[m[Kâ€™ was not declared in this scope
     [01;31m[Klook_for_ball[m[K = true;
     [01;31m[K^~~~~~~~~~~~~[m[K
make[2]: *** [CMakeFiles/drone_test_1.dir/src/drone_test_1.cpp.o] Error 1
make[1]: *** [CMakeFiles/drone_test_1.dir/all] Error 2
make: *** [all] Error 2
